Number of compounds at starting:  12671
Number of compounds after confidence score filter:  8328
Number of compounds after assay type filter:  8328
Number of compounds after Ki / IC50 filter:  339
Number of compounds after standard units filter:  326
Number of compounds after activity relationship type fixes:  279
Number of compounds after Displacement Assay filter: 160
Number of compounds after removing testset 2 compounds:  n/a
Number of compounds after 1990 year filter:  160
Number of compounds after BAO_FORMAT filter:  160
Number of compounds after patent & hand selecting (paper) filter:  160
Number of compounds after data set size filter:  140
Number of compounds after desalting pass:  140
Number of compounds after oddball element filter:  140
Number of compounds after molecular weight filter:  140
Number of compounds after pChEMBL value filter:  140
Number of compounds after edge case filter:  140
Number of compounds after deduplication pass:  106
Total number of molecules in training set:  103
Number of active molecules:  103
Number of inactive molecules:  0
