Number of compounds at starting:  29977
Number of compounds after confidence score filter:  18374
Number of compounds after assay type filter:  18374
Number of compounds after Ki / IC50 filter:  9807
Number of compounds after standard units filter:  9747
Number of compounds after activity relationship type fixes:  8750
Number of compounds after Displacement Assay filter: 570
Number of compounds after removing testset 2 compounds:  n/a
Number of compounds after 1990 year filter:  570
Number of compounds after BAO_FORMAT filter:  570
Number of compounds after patent & hand selecting (paper) filter:  546
Number of compounds after data set size filter:  528
Number of compounds after desalting pass:  528
Number of compounds after oddball element filter:  528
Number of compounds after molecular weight filter:  527
Number of compounds after pChEMBL value filter:  527
Number of compounds after edge case filter:  527
Number of compounds after deduplication pass:  411
Total number of molecules in training set:  369
Number of active molecules:  364
Number of inactive molecules:  5
