Number of compounds at starting:  29977
Number of compounds after confidence score filter:  18374
Number of compounds after assay type filter:  13702
Number of compounds after Ki / IC50 filter:  9169
Number of compounds after standard units filter:  9110
Number of compounds after activity relationship type fixes:  8264
Number of compounds after Displacement Assay filter: 6509
Number of compounds after removing testset 2 compounds:  n/a
Number of compounds after 1990 year filter:  6439
Number of compounds after BAO_FORMAT filter:  5604
Number of compounds after patent & hand selecting (paper) filter:  5499
Number of compounds after data set size filter:  5359
Number of compounds after desalting pass:  5356
Number of compounds after oddball element filter:  5346
Number of compounds after molecular weight filter:  5197
Number of compounds after pChEMBL value filter:  5197
Number of compounds after edge case filter:  5197
Number of compounds after deduplication pass:  3635
Total number of molecules in training set:  3018
Number of active molecules:  2913
Number of inactive molecules:  105
